# JRE version: OpenJDK Runtime Environment Microsoft-7208460 (11.0.18+10) (build 11.0.18+10-LTS)
# Java VM: OpenJDK 64-Bit Server VM Microsoft-7208460 (11.0.18+10-LTS, mixed mode, tiered, compressed oops, g1 gc, windows-amd64)
Heap:
 garbage-first heap   total 374784K, used 258806K [0x0000000080000000, 0x0000000100000000)
  region size 1024K, 1 young (1024K), 1 survivors (1024K)
 Metaspace       used 122411K, capacity 127997K, committed 128184K, reserved 626688K
  class space    used 15820K, capacity 17790K, committed 17868K, reserved 516096K
GC Heap History (20 events):
Event: 81.584 GC heap after
{Heap after GC invocations=53 (full 0):
 garbage-first heap   total 312320K, used 246679K [0x0000000080000000, 0x0000000100000000)
  region size 1024K, 3 young (3072K), 3 survivors (3072K)
 Metaspace       used 119915K, capacity 125354K, committed 125624K, reserved 624640K
  class space    used 15582K, capacity 17548K, committed 17612K, reserved 516096K
}
Event: 81.819 GC heap before
{Heap before GC invocations=53 (full 0):
 garbage-first heap   total 312320K, used 275351K [0x0000000080000000, 0x0000000100000000)
  region size 1024K, 28 young (28672K), 3 survivors (3072K)
 Metaspace       used 119945K, capacity 125373K, committed 125624K, reserved 624640K
  class space    used 15584K, capacity 17552K, committed 17612K, reserved 516096K
}
Event: 81.830 GC heap after
{Heap after GC invocations=54 (full 0):
 garbage-first heap   total 312320K, used 248028K [0x0000000080000000, 0x0000000100000000)
  region size 1024K, 4 young (4096K), 4 survivors (4096K)
 Metaspace       used 119945K, capacity 125373K, committed 125624K, reserved 624640K
  class space    used 15584K, capacity 17552K, committed 17612K, reserved 516096K
}
Event: 81.966 GC heap before
{Heap before GC invocations=54 (full 0):
 garbage-first heap   total 312320K, used 271580K [0x0000000080000000, 0x0000000100000000)
  region size 1024K, 28 young (28672K), 4 survivors (4096K)
 Metaspace       used 119956K, capacity 125374K, committed 125624K, reserved 624640K
  class space    used 15586K, capacity 17552K, committed 17612K, reserved 516096K
}
Event: 81.976 GC heap after
{Heap after GC invocations=55 (full 0):
 garbage-first heap   total 312320K, used 249330K [0x0000000080000000, 0x0000000100000000)
  region size 1024K, 3 young (3072K), 3 survivors (3072K)
 Metaspace       used 119956K, capacity 125374K, committed 125624K, reserved 624640K
  class space    used 15586K, capacity 17552K, committed 17612K, reserved 516096K
}
Event: 82.111 GC heap before
{Heap before GC invocations=55 (full 0):
 garbage-first heap   total 312320K, used 276978K [0x0000000080000000, 0x0000000100000000)
  region size 1024K, 27 young (27648K), 3 survivors (3072K)
 Metaspace       used 119959K, capacity 125374K, committed 125624K, reserved 624640K
  class space    used 15586K, capacity 17552K, committed 17612K, reserved 516096K
}
Event: 82.121 GC heap after
{Heap after GC invocations=56 (full 0):
 garbage-first heap   total 312320K, used 250718K [0x0000000080000000, 0x0000000100000000)
  region size 1024K, 3 young (3072K), 3 survivors (3072K)
 Metaspace       used 119959K, capacity 125374K, committed 125624K, reserved 624640K
  class space    used 15586K, capacity 17552K, committed 17612K, reserved 516096K
}
Event: 82.287 GC heap before
{Heap before GC invocations=56 (full 0):
 garbage-first heap   total 312320K, used 273246K [0x0000000080000000, 0x0000000100000000)
  region size 1024K, 26 young (26624K), 3 survivors (3072K)
 Metaspace       used 119980K, capacity 125374K, committed 125624K, reserved 624640K
  class space    used 15586K, capacity 17552K, committed 17612K, reserved 516096K
}
Event: 82.296 GC heap after
{Heap after GC invocations=57 (full 0):
 garbage-first heap   total 312320K, used 251687K [0x0000000080000000, 0x0000000100000000)
  region size 1024K, 3 young (3072K), 3 survivors (3072K)
 Metaspace       used 119980K, capacity 125374K, committed 125624K, reserved 624640K
  class space    used 15586K, capacity 17552K, committed 17612K, reserved 516096K
}
Event: 82.445 GC heap before
{Heap before GC invocations=57 (full 0):
 garbage-first heap   total 312320K, used 273191K [0x0000000080000000, 0x0000000100000000)
  region size 1024K, 25 young (25600K), 3 survivors (3072K)
 Metaspace       used 120022K, capacity 125385K, committed 125624K, reserved 624640K
  class space    used 15591K, capacity 17554K, committed 17612K, reserved 516096K
}
Event: 82.456 GC heap after
{Heap after GC invocations=58 (full 0):
 garbage-first heap   total 312320K, used 252822K [0x0000000080000000, 0x0000000100000000)
  region size 1024K, 3 young (3072K), 3 survivors (3072K)
 Metaspace       used 120022K, capacity 125385K, committed 125624K, reserved 624640K
  class space    used 15591K, capacity 17554K, committed 17612K, reserved 516096K
}
Event: 82.738 GC heap before
{Heap before GC invocations=58 (full 0):
 garbage-first heap   total 312320K, used 278422K [0x0000000080000000, 0x0000000100000000)
  region size 1024K, 25 young (25600K), 3 survivors (3072K)
 Metaspace       used 120133K, capacity 125578K, committed 125624K, reserved 624640K
  class space    used 15603K, capacity 17595K, committed 17612K, reserved 516096K
}
Event: 82.750 GC heap after
{Heap after GC invocations=59 (full 0):
 garbage-first heap   total 312320K, used 254604K [0x0000000080000000, 0x0000000100000000)
  region size 1024K, 3 young (3072K), 3 survivors (3072K)
 Metaspace       used 120133K, capacity 125578K, committed 125624K, reserved 624640K
  class space    used 15603K, capacity 17595K, committed 17612K, reserved 516096K
}
Event: 82.833 GC heap before
{Heap before GC invocations=59 (full 0):
 garbage-first heap   total 312320K, used 265868K [0x0000000080000000, 0x0000000100000000)
  region size 1024K, 15 young (15360K), 3 survivors (3072K)
 Metaspace       used 120133K, capacity 125578K, committed 125624K, reserved 624640K
  class space    used 15603K, capacity 17595K, committed 17612K, reserved 516096K
}
Event: 82.842 GC heap after
{Heap after GC invocations=60 (full 0):
 garbage-first heap   total 312320K, used 255137K [0x0000000080000000, 0x0000000100000000)
  region size 1024K, 1 young (1024K), 1 survivors (1024K)
 Metaspace       used 120133K, capacity 125578K, committed 125624K, reserved 624640K
  class space    used 15603K, capacity 17595K, committed 17612K, reserved 516096K
}
Event: 83.138 GC heap before
{Heap before GC invocations=60 (full 0):
 garbage-first heap   total 312320K, used 268449K [0x0000000080000000, 0x0000000100000000)
  region size 1024K, 15 young (15360K), 1 survivors (1024K)
 Metaspace       used 120429K, capacity 125838K, committed 126008K, reserved 624640K
  class space    used 15637K, capacity 17636K, committed 17740K, reserved 516096K
}
Event: 83.143 GC heap after
{Heap after GC invocations=61 (full 0):
 garbage-first heap   total 312320K, used 255715K [0x0000000080000000, 0x0000000100000000)
  region size 1024K, 2 young (2048K), 2 survivors (2048K)
 Metaspace       used 120429K, capacity 125838K, committed 126008K, reserved 624640K
  class space    used 15637K, capacity 17636K, committed 17740K, reserved 516096K
}
Event: 85.039 GC heap before
{Heap before GC invocations=61 (full 0):
 garbage-first heap   total 312320K, used 269027K [0x0000000080000000, 0x0000000100000000)
  region size 1024K, 16 young (16384K), 2 survivors (2048K)
 Metaspace       used 121842K, capacity 127330K, committed 127672K, reserved 626688K
  class space    used 15745K, capacity 17748K, committed 17868K, reserved 516096K
}
Event: 85.053 GC heap after
{Heap after GC invocations=62 (full 0):
 garbage-first heap   total 312320K, used 258007K [0x0000000080000000, 0x0000000100000000)
  region size 1024K, 2 young (2048K), 2 survivors (2048K)
 Metaspace       used 121842K, capacity 127330K, committed 127672K, reserved 626688K
  class space    used 15745K, capacity 17748K, committed 17868K, reserved 516096K
}
Event: 156.642 GC heap before
{Heap before GC invocations=62 (full 0):
 garbage-first heap   total 312320K, used 272343K [0x0000000080000000, 0x0000000100000000)
  region size 1024K, 16 young (16384K), 2 survivors (2048K)
 Metaspace       used 122411K, capacity 127997K, committed 128184K, reserved 626688K
  class space    used 15820K, capacity 17790K, committed 17868K, reserved 516096K
}

